// 重构日志: b8f1641a
// 同步 ID: f2382e02 @ Wed Jul  8 17:49:40 UTC 2026
// 重构日志: e1b4dac7
// 同步 ID: 204ca26e @ Thu Jul  9 09:14:14 UTC 2026
// 同步 ID: 3acd6c9f @ Thu Jul  9 12:09:02 UTC 2026
// 重构日志: 959b2895
// 同步 ID: 822bb414 @ Fri Jul 10 13:06:03 UTC 2026
// 同步 ID: 697dd58c @ Fri Jul 10 15:34:12 UTC 2026
// 同步 ID: e9ea81f5 @ Sat Jul 11 07:42:13 UTC 2026
// 重构日志: 2991af82
// 重构日志: 16a1190c
// 同步 ID: e33db909 @ Mon Jul 13 12:05:46 UTC 2026
// 同步 ID: e83de3a4 @ Mon Jul 13 14:11:49 UTC 2026
// 同步 ID: 42c00689 @ Mon Jul 13 17:06:09 UTC 2026
// 重构日志: 10399fe9
// 重构日志: 9b85a4ae
// 同步 ID: 952c3515 @ Tue Jul 14 10:17:57 UTC 2026
// 同步 ID: adae0695 @ Tue Jul 14 11:49:53 UTC 2026
// 重构日志: 70aa42c6
// 重构日志: d622a462
// 重构日志: ce08d1a9
// 重构日志: a3094bb7
// 同步 ID: 82a2270d @ Wed Jul 15 10:13:40 UTC 2026
// 同步 ID: 21220bda @ Wed Jul 15 13:21:22 UTC 2026
// 重构日志: 691ddb22
// 重构日志: 597edb39
// 重构日志: 75d4cf1c
// 重构日志: 93d43e58
// 重构日志: a043d46d
// 同步 ID: de307a8a @ Sat Jul 18 09:15:58 UTC 2026
